Arguments: 
  C:\Program Files\nodejs\node.exe C:\Program Files (x86)\Yarn\bin\yarn.js install

PATH: 
  C:\ProgramData\Anaconda3;C:\ProgramData\Anaconda3\Library\mingw-w64\bin;C:\ProgramData\Anaconda3\Library\usr\bin;C:\ProgramData\Anaconda3\Library\bin;C:\ProgramData\Anaconda3\Scripts;C:\Python27\;C:\Python27\Scripts;C:\Program Files (x86)\Common Files\Oracle\Java\javapath;C:\Program Files (x86)\Intel\iCLS Client\;C:\Program Files\Intel\iCLS Client\;C:\WINDOWS\system32;C:\WINDOWS;C:\WINDOWS\System32\Wbem;C:\WINDOWS\System32\WindowsPowerShell\v1.0\;C:\Program Files (x86)\Intel\Intel(R) Management Engine Components\DAL;C:\Program Files\Intel\Intel(R) Management Engine Components\DAL;C:\Program Files (x86)\Intel\Intel(R) Management Engine Components\IPT;C:\Program Files\Intel\Intel(R) Management Engine Components\IPT;C:\WINDOWS\System32\OpenSSH\;C:\Program Files\Intel\WiFi\bin\;C:\Program Files\Common Files\Intel\WirelessCommon\;C:\Program Files\Git\cmd;C:\Program Files\MongoDB\Server\4.0\bin;C:\Program Files\heroku\bin;C:\Program Files (x86)\WinMerge;C:\Program Files\Java\jdk1.8.0_121\bin;C:\ProgramData\chocolatey\bin;C:\Program Files\Java\jdk1.8.0_231\bin;C:\Program Files (x86)\Yarn\bin\;C:\Program Files\nodejs\;C:\Python\Python37\Scripts\;C:\Python\Python37\;C:\Users\JuanchoBaz\AppData\Local\Microsoft\WindowsApps;C:\Program Files\OpenSSL-Win64\bin;C:\Program Files\heroku\bin;C:\Program Files\MongoDB\Server\4.0\bin;C:\Users\JuanchoBaz\AppData\Local\Programs\Python\Python37-32;C:\Users\JuanchoBaz\AppData\Local\Programs\Microsoft VS Code\bin;C:\Program Files\Java\jdk1.8.0_211\bin;C:\Program Files\Java\jre1.8.0_211\bin;C:\Program Files\Android\Android Studio\bin;C:\Users\JuanchoBaz\AppData\Local\Yarn\bin;C:\Users\JuanchoBaz\AppData\Roaming\npm

Yarn version: 
  1.19.2

Node version: 
  12.9.1

Platform: 
  win32 x64

Trace: 
  Error: EPERM: operation not permitted, unlink 'C:\Users\JuanchoBaz\Git\ReactNative\5-tenedores\node_modules\@expo\xdl\binaries\windows\adb\adb.exe'

npm manifest: 
  {
    "main": "node_modules/expo/AppEntry.js",
    "scripts": {
      "start": "expo start",
      "android": "expo start --android",
      "usb": "expo start --localhost --android",
      "ios": "expo start --ios",
      "web": "expo start --web",
      "eject": "expo eject"
    },
    "dependencies": {
      "expo": "^35.0.0",
      "expo-cli": "^3.9.0",
      "expo-facebook": "^7.0.0",
      "firebase": "^7.5.0",
      "loglevel": "^1.6.6",
      "metro-config": "^0.57.0",
      "prop-types": "^15.7.2",
      "react": "16.8.3",
      "react-dom": "16.8.3",
      "react-native": "https://github.com/expo/react-native/archive/sdk-35.0.0.tar.gz",
      "react-native-easy-toast": "^1.2.0",
      "react-native-elements": "^1.2.7",
      "react-native-gesture-handler": "~1.3.0",
      "react-native-reanimated": "~1.2.0",
      "react-native-web": "^0.11.7",
      "react-navigation": "^4.0.10",
      "react-navigation-stack": "^1.10.3",
      "react-navigation-tabs": "^2.5.6",
      "tcomb-form-native": "^0.6.20"
    },
    "devDependencies": {
      "babel-eslint": "^10.0.3",
      "babel-preset-expo": "^7.1.0",
      "eslint": "^6.6.0",
      "eslint-config-airbnb": "^18.0.1",
      "eslint-config-prettier": "^6.7.0",
      "eslint-plugin-import": "^2.18.2",
      "eslint-plugin-jsx-a11y": "^6.2.3",
      "eslint-plugin-prettier": "^3.1.1",
      "eslint-plugin-react": "^7.16.0",
      "eslint-plugin-react-hooks": "^2.3.0",
      "prettier": "^1.19.1"
    },
    "private": true
  }

yarn manifest: 
  No manifest

Lockfile: 
  No lockfile
